<?xml version="1.0" encoding="UTF-8"?>
<!-- Generated by org.testng.reporters.JUnitReportReporter -->
<testsuite hostname="QA-17" failures="0" tests="8" name="com.qa.luma.test.MyAccountPageTest" time="0.000" errors="1" timestamp="2024-06-07T18:11:23 IST" skipped="7">
  <testcase classname="com.qa.luma.test.MyAccountPageTest" name="MyAccountPageSetUp" time="0.000">
    <error message="Cannot invoke &quot;com.qa.luma.pages.MainPage.clickOnSigninLink()&quot; because &quot;this.mainpage&quot; is null" type="java.lang.NullPointerException">
      <![CDATA[java.lang.NullPointerException: Cannot invoke "com.qa.luma.pages.MainPage.clickOnSigninLink()" because "this.mainpage" is null
at com.qa.luma.test.MyAccountPageTest.MyAccountPageSetUp(MyAccountPageTest.java:21)
at java.base/jdk.internal.reflect.NativeMethodAccessorImpl.invoke0(Native Method)
at java.base/jdk.internal.reflect.NativeMethodAccessorImpl.invoke(NativeMethodAccessorImpl.java:77)
at java.base/jdk.internal.reflect.DelegatingMethodAccessorImpl.invoke(DelegatingMethodAccessorImpl.java:43)
at java.base/java.lang.reflect.Method.invoke(Method.java:568)
at org.testng.internal.invokers.MethodInvocationHelper.invokeMethod(MethodInvocationHelper.java:139)
at org.testng.internal.invokers.MethodInvocationHelper.invokeMethodConsideringTimeout(MethodInvocationHelper.java:69)
at org.testng.internal.invokers.ConfigInvoker.invokeConfigurationMethod(ConfigInvoker.java:361)
at org.testng.internal.invokers.ConfigInvoker.invokeConfigurations(ConfigInvoker.java:296)
at org.testng.internal.invokers.TestMethodWorker.invokeBeforeClassMethods(TestMethodWorker.java:180)
at org.testng.internal.invokers.TestMethodWorker.run(TestMethodWorker.java:122)
at java.base/java.util.ArrayList.forEach(ArrayList.java:1511)
at org.testng.TestRunner.privateRun(TestRunner.java:829)
at org.testng.TestRunner.run(TestRunner.java:602)
at org.testng.SuiteRunner.runTest(SuiteRunner.java:437)
at org.testng.SuiteRunner.runSequentially(SuiteRunner.java:431)
at org.testng.SuiteRunner.privateRun(SuiteRunner.java:391)
at org.testng.SuiteRunner.run(SuiteRunner.java:330)
at org.testng.SuiteRunnerWorker.runSuite(SuiteRunnerWorker.java:52)
at org.testng.SuiteRunnerWorker.run(SuiteRunnerWorker.java:95)
at org.testng.TestNG.runSuitesSequentially(TestNG.java:1256)
at org.testng.TestNG.runSuitesLocally(TestNG.java:1176)
at org.testng.TestNG.runSuites(TestNG.java:1099)
at org.testng.TestNG.run(TestNG.java:1067)
at org.testng.remote.AbstractRemoteTestNG.run(AbstractRemoteTestNG.java:115)
at org.testng.remote.RemoteTestNG.initAndRun(RemoteTestNG.java:251)
at org.testng.remote.RemoteTestNG.main(RemoteTestNG.java:77)
]]>
    </error>
  </testcase> <!-- MyAccountPageSetUp -->
  <system-out/>
  <testcase classname="com.qa.luma.test.MyAccountPageTest" name="MyAccountPageTitleTest" time="0.000">
    <skipped/>
  </testcase> <!-- MyAccountPageTitleTest -->
  <system-out/>
  <testcase classname="com.qa.luma.test.MyAccountPageTest" name="MyAccountPagesUBTitleTest" time="0.000">
    <skipped/>
  </testcase> <!-- MyAccountPagesUBTitleTest -->
  <system-out/>
  <testcase classname="com.qa.luma.test.MyAccountPageTest" name="LoginAccNameTest" time="0.000">
    <skipped/>
  </testcase> <!-- LoginAccNameTest -->
  <system-out/>
  <testcase classname="com.qa.luma.test.MyAccountPageTest" name="NavigationPannelLinksCountTest" time="0.000">
    <skipped/>
  </testcase> <!-- NavigationPannelLinksCountTest -->
  <system-out/>
  <testcase classname="com.qa.luma.test.MyAccountPageTest" name="MyAccount_ContactInfoTest" time="0.000">
    <skipped/>
  </testcase> <!-- MyAccount_ContactInfoTest -->
  <system-out/>
  <testcase classname="com.qa.luma.test.MyAccountPageTest" name="MyAccount_BillingAddressTest" time="0.000">
    <skipped/>
  </testcase> <!-- MyAccount_BillingAddressTest -->
  <system-out/>
  <testcase classname="com.qa.luma.test.MyAccountPageTest" name="MyAccount_ShippingAddressTest" time="0.000">
    <skipped/>
  </testcase> <!-- MyAccount_ShippingAddressTest -->
  <system-out/>
</testsuite> <!-- com.qa.luma.test.MyAccountPageTest -->
